

Started GET "/" for ::1 at 2015-07-12 19:11:31 -0500
Processing by Rails::WelcomeController#index as HTML
  Rendered /Users/tgulati/.rvm/gems/ruby-2.2.1/gems/railties-4.2.3/lib/rails/templates/rails/welcome/index.html.erb (3.4ms)
Completed 200 OK in 41ms (Views: 29.1ms | ActiveRecord: 0.0ms)


Started GET "/" for ::1 at 2015-07-12 19:16:16 -0500
Processing by ApplicationController#hello as HTML
Completed 500 Internal Server Error in 17ms (ActiveRecord: 0.0ms)

NoMethodError (undefined method `text' for #<ApplicationController:0x007ff1d89e9b30>):
  app/controllers/application_controller.rb:7:in `hello'


  Rendered /Users/tgulati/.rvm/gems/ruby-2.2.1/gems/web-console-2.0.0.beta3/lib/action_dispatch/templates/rescues/_source.erb (8.5ms)
  Rendered /Users/tgulati/.rvm/gems/ruby-2.2.1/gems/web-console-2.0.0.beta3/lib/action_dispatch/templates/rescues/_trace.html.erb (3.4ms)
  Rendered /Users/tgulati/.rvm/gems/ruby-2.2.1/gems/web-console-2.0.0.beta3/lib/action_dispatch/templates/rescues/_request_and_response.html.erb (2.0ms)
  Rendered /Users/tgulati/.rvm/gems/ruby-2.2.1/gems/web-console-2.0.0.beta3/lib/action_dispatch/templates/rescues/_web_console.html.erb (1.8ms)
  Rendered /Users/tgulati/.rvm/gems/ruby-2.2.1/gems/web-console-2.0.0.beta3/lib/action_dispatch/templates/rescues/diagnostics.html.erb within rescues/layout (114.6ms)


Started GET "/" for ::1 at 2015-07-12 19:16:36 -0500
Processing by ApplicationController#hello as HTML
  Rendered text template (0.0ms)
Completed 200 OK in 6ms (Views: 5.0ms | ActiveRecord: 0.0ms)


Started GET "/" for ::1 at 2015-07-12 19:28:49 -0500
Processing by ApplicationController#hello as HTML
  Rendered text template (0.0ms)
Completed 200 OK in 9ms (Views: 2.8ms | ActiveRecord: 0.0ms)


Started GET "/" for ::1 at 2015-07-12 19:41:38 -0500
Processing by ApplicationController#hello as HTML
  Rendered text template (0.0ms)
Completed 200 OK in 19ms (Views: 8.9ms | ActiveRecord: 0.0ms)


Started GET "/" for ::1 at 2015-07-12 19:44:10 -0500
Processing by ApplicationController#hello as HTML
  Rendered text template (0.0ms)
Completed 200 OK in 6ms (Views: 3.1ms | ActiveRecord: 0.0ms)


Started GET "/" for ::1 at 2015-07-12 20:31:24 -0500
Processing by ApplicationController#hello as HTML
  Rendered text template (0.0ms)
Completed 200 OK in 16ms (Views: 7.6ms | ActiveRecord: 0.0ms)


Started GET "/" for ::1 at 2015-07-12 20:37:02 -0500
Processing by ApplicationController#hello as HTML
  Rendered text template (0.0ms)
Completed 200 OK in 18ms (Views: 9.0ms | ActiveRecord: 0.0ms)


Started GET "/" for ::1 at 2015-07-12 20:37:17 -0500
Processing by ApplicationController#hello as HTML
  Rendered text template (0.0ms)
Completed 200 OK in 1ms (Views: 0.4ms | ActiveRecord: 0.0ms)


Started GET "/" for ::1 at 2015-07-12 20:46:18 -0500

ActiveRecord::PendingMigrationError (

Migrations are pending. To resolve this issue, run:

	bin/rake db:migrate RAILS_ENV=development

):
  activerecord (4.2.3) lib/active_record/migration.rb:392:in `check_pending!'
  activerecord (4.2.3) lib/active_record/migration.rb:373:in `call'
  actionpack (4.2.3) lib/action_dispatch/middleware/callbacks.rb:29:in `block in call'
  activesupport (4.2.3) lib/active_support/callbacks.rb:84:in `run_callbacks'
  actionpack (4.2.3) lib/action_dispatch/middleware/callbacks.rb:27:in `call'
  actionpack (4.2.3) lib/action_dispatch/middleware/reloader.rb:73:in `call'
  actionpack (4.2.3) lib/action_dispatch/middleware/remote_ip.rb:78:in `call'
  web-console (2.0.0.beta3) lib/action_dispatch/debug_exceptions.rb:18:in `middleware_call'
  web-console (2.0.0.beta3) lib/action_dispatch/debug_exceptions.rb:13:in `call'
  actionpack (4.2.3) lib/action_dispatch/middleware/show_exceptions.rb:30:in `call'
  railties (4.2.3) lib/rails/rack/logger.rb:38:in `call_app'
  railties (4.2.3) lib/rails/rack/logger.rb:20:in `block in call'
  activesupport (4.2.3) lib/active_support/tagged_logging.rb:68:in `block in tagged'
  activesupport (4.2.3) lib/active_support/tagged_logging.rb:26:in `tagged'
  activesupport (4.2.3) lib/active_support/tagged_logging.rb:68:in `tagged'
  railties (4.2.3) lib/rails/rack/logger.rb:20:in `call'
  actionpack (4.2.3) lib/action_dispatch/middleware/request_id.rb:21:in `call'
  rack (1.6.4) lib/rack/methodoverride.rb:22:in `call'
  rack (1.6.4) lib/rack/runtime.rb:18:in `call'
  activesupport (4.2.3) lib/active_support/cache/strategy/local_cache_middleware.rb:28:in `call'
  rack (1.6.4) lib/rack/lock.rb:17:in `call'
  actionpack (4.2.3) lib/action_dispatch/middleware/static.rb:116:in `call'
  rack (1.6.4) lib/rack/sendfile.rb:113:in `call'
  railties (4.2.3) lib/rails/engine.rb:518:in `call'
  railties (4.2.3) lib/rails/application.rb:165:in `call'
  rack (1.6.4) lib/rack/lock.rb:17:in `call'
  rack (1.6.4) lib/rack/content_length.rb:15:in `call'
  rack (1.6.4) lib/rack/handler/webrick.rb:88:in `service'
  /Users/tgulati/.rvm/rubies/ruby-2.2.1/lib/ruby/2.2.0/webrick/httpserver.rb:138:in `service'
  /Users/tgulati/.rvm/rubies/ruby-2.2.1/lib/ruby/2.2.0/webrick/httpserver.rb:94:in `run'
  /Users/tgulati/.rvm/rubies/ruby-2.2.1/lib/ruby/2.2.0/webrick/server.rb:294:in `block in start_thread'


  Rendered /Users/tgulati/.rvm/gems/ruby-2.2.1/gems/web-console-2.0.0.beta3/lib/action_dispatch/templates/rescues/_source.erb (4.3ms)
  Rendered /Users/tgulati/.rvm/gems/ruby-2.2.1/gems/web-console-2.0.0.beta3/lib/action_dispatch/templates/rescues/_trace.html.erb (3.3ms)
  Rendered /Users/tgulati/.rvm/gems/ruby-2.2.1/gems/web-console-2.0.0.beta3/lib/action_dispatch/templates/rescues/_request_and_response.html.erb (5.3ms)
  Rendered /Users/tgulati/.rvm/gems/ruby-2.2.1/gems/web-console-2.0.0.beta3/lib/action_dispatch/templates/rescues/_web_console.html.erb (1.3ms)
  Rendered /Users/tgulati/.rvm/gems/ruby-2.2.1/gems/web-console-2.0.0.beta3/lib/action_dispatch/templates/rescues/diagnostics.html.erb within rescues/layout (107.9ms)


Started GET "/users" for ::1 at 2015-07-12 20:46:38 -0500

ActiveRecord::PendingMigrationError (

Migrations are pending. To resolve this issue, run:

	bin/rake db:migrate RAILS_ENV=development

):
  activerecord (4.2.3) lib/active_record/migration.rb:392:in `check_pending!'
  activerecord (4.2.3) lib/active_record/migration.rb:373:in `call'
  actionpack (4.2.3) lib/action_dispatch/middleware/callbacks.rb:29:in `block in call'
  activesupport (4.2.3) lib/active_support/callbacks.rb:84:in `run_callbacks'
  actionpack (4.2.3) lib/action_dispatch/middleware/callbacks.rb:27:in `call'
  actionpack (4.2.3) lib/action_dispatch/middleware/reloader.rb:73:in `call'
  actionpack (4.2.3) lib/action_dispatch/middleware/remote_ip.rb:78:in `call'
  web-console (2.0.0.beta3) lib/action_dispatch/debug_exceptions.rb:18:in `middleware_call'
  web-console (2.0.0.beta3) lib/action_dispatch/debug_exceptions.rb:13:in `call'
  actionpack (4.2.3) lib/action_dispatch/middleware/show_exceptions.rb:30:in `call'
  railties (4.2.3) lib/rails/rack/logger.rb:38:in `call_app'
  railties (4.2.3) lib/rails/rack/logger.rb:20:in `block in call'
  activesupport (4.2.3) lib/active_support/tagged_logging.rb:68:in `block in tagged'
  activesupport (4.2.3) lib/active_support/tagged_logging.rb:26:in `tagged'
  activesupport (4.2.3) lib/active_support/tagged_logging.rb:68:in `tagged'
  railties (4.2.3) lib/rails/rack/logger.rb:20:in `call'
  actionpack (4.2.3) lib/action_dispatch/middleware/request_id.rb:21:in `call'
  rack (1.6.4) lib/rack/methodoverride.rb:22:in `call'
  rack (1.6.4) lib/rack/runtime.rb:18:in `call'
  activesupport (4.2.3) lib/active_support/cache/strategy/local_cache_middleware.rb:28:in `call'
  rack (1.6.4) lib/rack/lock.rb:17:in `call'
  actionpack (4.2.3) lib/action_dispatch/middleware/static.rb:116:in `call'
  rack (1.6.4) lib/rack/sendfile.rb:113:in `call'
  railties (4.2.3) lib/rails/engine.rb:518:in `call'
  railties (4.2.3) lib/rails/application.rb:165:in `call'
  rack (1.6.4) lib/rack/lock.rb:17:in `call'
  rack (1.6.4) lib/rack/content_length.rb:15:in `call'
  rack (1.6.4) lib/rack/handler/webrick.rb:88:in `service'
  /Users/tgulati/.rvm/rubies/ruby-2.2.1/lib/ruby/2.2.0/webrick/httpserver.rb:138:in `service'
  /Users/tgulati/.rvm/rubies/ruby-2.2.1/lib/ruby/2.2.0/webrick/httpserver.rb:94:in `run'
  /Users/tgulati/.rvm/rubies/ruby-2.2.1/lib/ruby/2.2.0/webrick/server.rb:294:in `block in start_thread'


  Rendered /Users/tgulati/.rvm/gems/ruby-2.2.1/gems/web-console-2.0.0.beta3/lib/action_dispatch/templates/rescues/_source.erb (2.7ms)
  Rendered /Users/tgulati/.rvm/gems/ruby-2.2.1/gems/web-console-2.0.0.beta3/lib/action_dispatch/templates/rescues/_trace.html.erb (1.9ms)
  Rendered /Users/tgulati/.rvm/gems/ruby-2.2.1/gems/web-console-2.0.0.beta3/lib/action_dispatch/templates/rescues/_request_and_response.html.erb (1.7ms)
  Rendered /Users/tgulati/.rvm/gems/ruby-2.2.1/gems/web-console-2.0.0.beta3/lib/action_dispatch/templates/rescues/_web_console.html.erb (1.2ms)
  Rendered /Users/tgulati/.rvm/gems/ruby-2.2.1/gems/web-console-2.0.0.beta3/lib/action_dispatch/templates/rescues/diagnostics.html.erb within rescues/layout (74.7ms)
  [1m[36m (1.1ms)[0m  [1mCREATE TABLE "schema_migrations" ("version" varchar NOT NULL) [0m
  [1m[35m (0.4ms)[0m  select sqlite_version(*)
  [1m[36m (0.8ms)[0m  [1mCREATE UNIQUE INDEX "unique_schema_migrations" ON "schema_migrations" ("version")[0m
  [1m[35mActiveRecord::SchemaMigration Load (0.1ms)[0m  SELECT "schema_migrations".* FROM "schema_migrations"
Migrating to CreateUsers (20150713014428)
  [1m[36m (0.1ms)[0m  [1mbegin transaction[0m
  [1m[35m (0.9ms)[0m  CREATE TABLE "users" ("id" INTEGER PRIMARY KEY AUTOINCREMENT NOT NULL, "name" varchar, "email" varchar, "created_at" datetime NOT NULL, "updated_at" datetime NOT NULL) 
  [1m[36mSQL (0.2ms)[0m  [1mINSERT INTO "schema_migrations" ("version") VALUES (?)[0m  [["version", "20150713014428"]]
  [1m[35m (0.6ms)[0m  commit transaction
  [1m[36mActiveRecord::SchemaMigration Load (0.1ms)[0m  [1mSELECT "schema_migrations".* FROM "schema_migrations"[0m


Started GET "/users" for ::1 at 2015-07-12 20:48:12 -0500
  [1m[36mActiveRecord::SchemaMigration Load (0.2ms)[0m  [1mSELECT "schema_migrations".* FROM "schema_migrations"[0m
Processing by UsersController#index as HTML
  [1m[35mUser Load (0.5ms)[0m  SELECT "users".* FROM "users"
  Rendered users/index.html.erb within layouts/application (4.1ms)
Completed 200 OK in 1391ms (Views: 1370.2ms | ActiveRecord: 0.6ms)


Started GET "/assets/scaffolds.self-58421cee5ddae773236445c449c18c12f6050d7f895178ec34ae5e0e0e3de402.css?body=1" for ::1 at 2015-07-12 20:48:13 -0500


Started GET "/assets/users.self-e3b0c44298fc1c149afbf4c8996fb92427ae41e4649b934ca495991b7852b855.css?body=1" for ::1 at 2015-07-12 20:48:13 -0500


Started GET "/assets/application.self-e80e8f2318043e8af94dddc2adad5a4f09739a8ebb323b3ab31cd71d45fd9113.css?body=1" for ::1 at 2015-07-12 20:48:13 -0500


Started GET "/assets/jquery.self-d03a5518f45df77341bdbe6201ba3bfa547ebba8ed64f0ea56bfa5f96ea7c074.js?body=1" for ::1 at 2015-07-12 20:48:13 -0500


Started GET "/assets/jquery_ujs.self-8e98a7a072a6cee1372d19fff9ff3e6aa1e39a37d89d6f06861637d061113ee7.js?body=1" for ::1 at 2015-07-12 20:48:13 -0500


Started GET "/assets/turbolinks.self-680e388bf7f759d85e2dbe0044d33f55e12b26da721317111c01ec92e53df55e.js?body=1" for ::1 at 2015-07-12 20:48:13 -0500


Started GET "/assets/users.self-877aef30ae1b040ab8a3aba4e3e309a11d7f2612f44dde450b5c157aa5f95c05.js?body=1" for ::1 at 2015-07-12 20:48:13 -0500


Started GET "/assets/application.self-3b8dabdc891efe46b9a144b400ad69e37d7e5876bdc39dee783419a69d7ca819.js?body=1" for ::1 at 2015-07-12 20:48:13 -0500


Started GET "/users/1" for ::1 at 2015-07-12 20:48:27 -0500
Processing by UsersController#show as HTML
  Parameters: {"id"=>"1"}
  [1m[36mUser Load (0.2ms)[0m  [1mSELECT  "users".* FROM "users" WHERE "users"."id" = ? LIMIT 1[0m  [["id", 1]]
Completed 404 Not Found in 64ms (ActiveRecord: 0.8ms)

ActiveRecord::RecordNotFound (Couldn't find User with 'id'=1):
  app/controllers/users_controller.rb:67:in `set_user'


  Rendered /Users/tgulati/.rvm/gems/ruby-2.2.1/gems/web-console-2.0.0.beta3/lib/action_dispatch/templates/rescues/_source.erb (7.1ms)
  Rendered /Users/tgulati/.rvm/gems/ruby-2.2.1/gems/web-console-2.0.0.beta3/lib/action_dispatch/templates/rescues/_trace.html.erb (3.2ms)
  Rendered /Users/tgulati/.rvm/gems/ruby-2.2.1/gems/web-console-2.0.0.beta3/lib/action_dispatch/templates/rescues/_request_and_response.html.erb (1.4ms)
  Rendered /Users/tgulati/.rvm/gems/ruby-2.2.1/gems/web-console-2.0.0.beta3/lib/action_dispatch/templates/rescues/_web_console.html.erb (1.3ms)
  Rendered /Users/tgulati/.rvm/gems/ruby-2.2.1/gems/web-console-2.0.0.beta3/lib/action_dispatch/templates/rescues/diagnostics.html.erb within rescues/layout (82.3ms)


Started GET "/users/new" for ::1 at 2015-07-12 20:48:42 -0500
Processing by UsersController#new as HTML
  Rendered users/_form.html.erb (77.8ms)
  Rendered users/new.html.erb within layouts/application (110.2ms)
Completed 200 OK in 176ms (Views: 170.4ms | ActiveRecord: 0.0ms)


Started POST "/users" for ::1 at 2015-07-12 20:48:53 -0500
Processing by UsersController#create as HTML
  Parameters: {"utf8"=>"✓", "authenticity_token"=>"a05U/6+gUkXigW0+e5kmtzTtKvXbDia8wy6m5IACjS1sT/dF+ry7u9Q2lUBKVA4/zvcDV6Yl0OPlMgRWJRQOUA==", "user"=>{"name"=>"Tarun", "email"=>"tarun.gulati1988@gmail.com"}, "commit"=>"Create User"}
  [1m[35m (0.1ms)[0m  begin transaction
  [1m[36mSQL (2.0ms)[0m  [1mINSERT INTO "users" ("name", "email", "created_at", "updated_at") VALUES (?, ?, ?, ?)[0m  [["name", "Tarun"], ["email", "tarun.gulati1988@gmail.com"], ["created_at", "2015-07-13 01:48:53.045011"], ["updated_at", "2015-07-13 01:48:53.045011"]]
  [1m[35m (0.8ms)[0m  commit transaction
Redirected to http://localhost:3000/users/1
Completed 302 Found in 7ms (ActiveRecord: 2.9ms)


Started GET "/users/1" for ::1 at 2015-07-12 20:48:53 -0500
Processing by UsersController#show as HTML
  Parameters: {"id"=>"1"}
  [1m[36mUser Load (0.2ms)[0m  [1mSELECT  "users".* FROM "users" WHERE "users"."id" = ? LIMIT 1[0m  [["id", 1]]
  Rendered users/show.html.erb within layouts/application (1.1ms)
Completed 200 OK in 67ms (Views: 66.1ms | ActiveRecord: 0.2ms)


Started GET "/users" for ::1 at 2015-07-12 20:48:57 -0500
Processing by UsersController#index as HTML
  [1m[35mUser Load (0.2ms)[0m  SELECT "users".* FROM "users"
  Rendered users/index.html.erb within layouts/application (2.8ms)
Completed 200 OK in 63ms (Views: 61.6ms | ActiveRecord: 0.2ms)
